
--- 2df047e2-442f-4059-a13a-5a9c26cb00d7.jpeg ---
PART: Hand
FINDING: No acute fractures or dislocations
CONFIDENCE: 1.0
EXPLANATION: The X-ray of the hand shows no evidence of acute fractures, dislocations, or significant abnormalities. The bones of the hand, including the metacarpals, phalanges, and carpal bones, appear intact with smooth cortical outlines and normal alignment. There are no signs of bone fragmentation, cortical breaks, or joint subluxations. The overall bone density and structure appear normal.
------------------

--- 7630c85f-1d07-4c88-a0d0-86c5cf1f43b1.jfif ---
PART: Chest
FINDING: Normal
CONFIDENCE: 1.0
EXPLANATION: The chest X-ray shows a normal cardiac silhouette with a cardiothoracic ratio within normal limits. The lung fields are clear and symmetrical, with no evidence of consolidation, infiltration, or nodules. The pleural spaces are normal, with no signs of effusion. The ribs and spine appear intact, with no visible fractures or abnormalities. The diaphragm and mediastinum are also within normal limits. Overall, the chest X-ray appears normal.
------------------

--- 739dd16e-9f1e-4841-9bff-39077543163f.webp ---
PART: Cervical Spine
FINDING: Normal
CONFIDENCE: 0.9
EXPLANATION: The cervical spine X-ray appears to show a normal alignment of the vertebrae with no visible fractures, dislocations, or significant degenerative changes. The vertebral bodies, intervertebral discs, and facet joints appear intact and within normal limits. There are no signs of acute injury or chronic conditions such as severe arthritis or significant osteophyte formation. However, a thorough clinical correlation and possibly further imaging might be required for a definitive assessment.
------------------

--- 9a7405cb-4a41-4094-9140-82a9d293a9ff.jpg ---
PART: Chest
FINDING: Normal
CONFIDENCE: 0.9
EXPLANATION: The chest X-ray shows a normal cardiac silhouette with no evidence of cardiomegaly. The lung fields are clear and dark, with no signs of opacity, infiltration, or pneumonia. The pleural spaces are normal with no effusions. The bony thorax, including the ribs and spine, appears intact with no fractures or abnormalities. The lung vasculature and trachea appear normal. Overall, the chest X-ray is within normal limits.
------------------

--- e110a659-0b7e-4760-a29c-d781bd7b8bec.jfif ---
PART: Hand
FINDING: 5th Metacarpal Fracture
CONFIDENCE: 0.9
EXPLANATION: There is a visible disruption in the smooth outline of the 5th metacarpal bone, indicating a fracture. The fracture appears to be located in the shaft of the 5th metacarpal, with a slight displacement and angulation. The fracture line is not very obvious but upon close inspection, there is a subtle lucency and cortical irregularity. The other bones in the hand appear to be intact. 

No other abnormalities are detected in the hand.
------------------

--- adcd3f98-f53d-4e38-aa29-12ef5127d7e0.jfif ---
PART: Hand
FINDING: 5th Metacarpal Fracture
CONFIDENCE: 0.9
EXPLANATION: There is a visible disruption in the smooth outline of the 5th metacarpal bone, indicating a fracture. Specifically, there is a line of lucency (a darker area) in the distal shaft of the 5th metacarpal, which is consistent with a fracture. The fracture appears to be located approximately at the junction of the distal and middle thirds of the bone. No other abnormalities are noted in the hand, including no evidence of dislocation or significant swelling. The other bones appear intact with smooth, continuous cortices.
------------------

--- b2feb66a-21e2-4a4d-83d7-e4fca6494829.jfif ---
PART: Hand
FINDING: 5th Metacarpal Fracture
CONFIDENCE: 0.9
EXPLANATION: There is a visible disruption in the smooth outline of the 5th metacarpal bone, indicating a fracture. The fracture appears to be located in the distal shaft of the 5th metacarpal, with a slight displacement and angulation. The fracture line is not very obvious but can be inferred from the subtle change in the bone's cortical outline. No other abnormalities are noted in the remaining bones of the hand, including the phalanges, carpals, and the overall alignment of the wrist. 

No soft tissue abnormalities or swelling are evident. 
The overall bone density and joint spaces appear normal.
------------------

--- 8525b87a-c4d4-4e44-abe0-307496aedc23.jfif ---
PART: Hand
FINDING: 5th Metacarpal Fracture
CONFIDENCE: 0.9
EXPLANATION: There is a subtle discontinuity in the cortical outline of the 5th metacarpal bone, suggestive of a fracture. The fracture appears to be located in the distal shaft of the 5th metacarpal, with slight displacement and angulation. The fracture line is not very obvious but can be inferred from the slight irregularity in the bone's smooth outline. The other bones in the hand appear intact without any obvious fractures or dislocations. 

No other abnormalities are detected in the hand.
------------------

--- 55de4d00-98c4-40d6-9b01-8029c337e4c1.jfif ---
PART: Hand
FINDING: 5th Metacarpal Fracture
CONFIDENCE: 0.9
EXPLANATION: There is a visible disruption in the smooth outline of the 5th metacarpal bone, indicating a fracture. Specifically, there is a line of lucency (a region of decreased density) at the junction of the distal and middle thirds of the 5th metacarpal bone, consistent with a fracture. No other abnormalities are noted in the bones, joints, or soft tissues of the hand. The alignment of the other metacarpals and phalanges appears normal.
------------------

--- f110bf84-d656-4e4a-8238-77e66afd4132.webp ---
PART: Hand
FINDING: Normal
CONFIDENCE: 1.0
EXPLANATION: The X-ray of the hand appears normal. The bones, including the metacarpals, phalanges, radius, and ulna, show no signs of fractures, dislocations, or other abnormalities. The bone density and structure are within normal limits for the patient's apparent age. There is no evidence of swelling or soft tissue abnormalities. The joints appear to be normally aligned and show no signs of degeneration or disease. Overall, the hand X-ray does not reveal any acute or chronic abnormalities.
------------------

--- fce5bdff-2820-4aef-a8f8-a95e2a1c0ad3.webp ---
PART: Hand
FINDING: Normal
CONFIDENCE: 1.0
EXPLANATION: The X-ray of the hand appears normal. The bones, including the metacarpals, phalanges, radius, and ulna, show no signs of fractures, dislocations, or other abnormalities. The bone density and structure are within normal limits, and there is no evidence of swelling or soft tissue abnormalities. The joints appear to be aligned properly, and there are no signs of degenerative changes or other pathologies.
------------------

--- 021ccba7-b947-4d2c-b7c2-3358226d68f5.webp ---
PART: Hand
FINDING: Suspected Fracture of the 5th metacarpal distal shaft
CONFIDENCE: 0.8
EXPLANATION: I systematically traced the entire edge (cortex) of every bone shown in the X-ray, paying close attention to high-risk areas such as the 5th metacarpal and the joints. Upon careful examination, I observed a subtle disruption in the smooth white outline of the 5th metacarpal, specifically in its distal shaft. The disruption appears as a thin dark line (lucency) that crosses the bone, which could indicate a fracture. I also examined the other metacarpals (1st to 4th) and all phalanges (finger bones) from top to bottom but did not find any other disruptions. Due to the subtlety of the finding and to adhere to the sensitivity rule, I report this as a 'Suspected Fracture' with a confidence level of 0.8, acknowledging that while I am fairly confident, further imaging or clinical correlation might be necessary for confirmation.
------------------

--- 7c0adce3-b0e8-4f94-83bd-deaceb4097e8.webp ---
PART: Hand
FINDING: Suspected Fracture of the 5th metacarpal distal shaft
CONFIDENCE: 0.8
EXPLANATION: I systematically traced the entire edge (cortex) of every bone shown in the X-ray, paying close attention to high-risk areas such as the 5th metacarpal and the joints. Upon careful examination, I observed a subtle disruption in the smooth white outline of the 5th metacarpal, specifically at its distal shaft. The disruption appears as a thin dark line (lucency) that crosses the bone, which could indicate a fracture. I also examined the other metacarpals (1st to 4th) and all phalanges (finger bones) from top to bottom, but did not find any other disruptions. However, given the subtlety of the finding on the 5th metacarpal, I classify it as a 'Suspected Fracture' rather than a definitive fracture, to reflect my 80% confidence level. Further imaging or clinical correlation may be necessary to confirm the diagnosis.
------------------

--- 6bb6ae29-edc1-4327-bde5-1340aada2373.jpg ---
PART: Cervical Spine
FINDING: Normal
CONFIDENCE: 1.0
EXPLANATION: The entire edge (cortex) of every visible cervical vertebra and the base of the skull was traced. No breaks, notches, 'step-offs', or thin dark lines (lucencies) crossing the bones were observed. The smooth white outline of the bones appears intact throughout.
------------------

--- a93114c4-7020-4ad2-a1b7-c1beaf4b73c0.jpg ---
PART: Chest and Shoulders
FINDING: Normal
CONFIDENCE: 1.0
EXPLANATION: A systematic bone scan of the entire edge (cortex) of all visible bones, including the clavicles, scapulae, humeri, ribs, and vertebrae, did not reveal any breaks, notches, 'step-offs', or thin dark lines (lucencies) crossing the bones. The smooth white outline of all bones appeared intact, with no disruptions observed. High-risk areas such as the shoulders and rib cage were scrutinized closely, and no abnormalities were detected. Therefore, with a high degree of confidence, the X-ray is reported as normal.
------------------

--- 17e6f55c-209e-48c3-ab39-ab72c4ea09f5.jpg ---
PART: Hand
FINDING: Suspected Fracture of the 5th metacarpal distal shaft
CONFIDENCE: 0.8
EXPLANATION: I systematically traced the entire edge (cortex) of every bone shown in the X-ray, including all 5 metacarpals and every phalanx from top to bottom. Upon careful examination, I observed a subtle disruption in the smooth white outline of the 5th metacarpal bone, located in the distal shaft. The disruption appears as a thin dark line (lucency) crossing the bone. Given the location in the 5th metacarpal, which is a high-risk area, and the appearance of the disruption, I am 80% confident that this represents a suspected fracture. However, due to the subtlety of the finding and to adhere to the sensitivity rule, I have opted to report it as a suspected fracture rather than definitively calling it a fracture. Further imaging or clinical correlation may be necessary for confirmation.
------------------

--- 8354fdef-cd3e-47d9-aa24-aca906b69a42.webp ---
PART: Foot
FINDING: Suspected Fracture of the 5th metacarpal (actually, metatarsal) shaft
CONFIDENCE: 0.8
EXPLANATION: I systematically traced the entire edge (cortex) of every bone shown in the foot X-ray, including all 5 metatarsals and every phalanx (toe bone) from top to bottom. I paid extreme attention to high-risk areas such as the 5th metatarsal (pinky side) and the joints. Upon careful examination, I observed a subtle disruption in the smooth white outline of the 5th metatarsal bone, which could indicate a fracture. The disruption appears as a thin dark line (lucency) crossing the bone. Although I am 80% confident in my finding, I am reporting it as a 'Suspected Fracture' due to the possibility of a very subtle or incomplete fracture that might not be visible with 100% certainty on this X-ray. Further imaging or clinical correlation may be necessary for confirmation.
------------------

--- e5125408-f13f-4a8e-8880-68006190b106.webp ---
PART: Hand
FINDING: Suspected Fracture of the 5th metacarpal distal shaft
CONFIDENCE: 0.8
EXPLANATION: I systematically traced the entire edge (cortex) of every bone shown in the X-ray, paying close attention to high-risk areas such as the 5th metacarpal and the joints. Upon careful examination, I observed a subtle disruption in the smooth white outline of the 5th metacarpal, specifically at its distal shaft. The disruption appears as a thin dark line (lucency) that crosses the bone, which could indicate a fracture. I also examined the other metacarpals (1st to 4th) and all phalanges (finger bones) from top to bottom but did not find any other disruptions. Due to the subtle nature of the finding, I classify it as a 'Suspected Fracture' with a confidence level of 0.8, erring on the side of caution to ensure high sensitivity.
------------------

--- c7c8f7cb-c70e-470b-ac45-76288a3e9e68.webp ---
PART: Hand
FINDING: Suspected Fracture of the 5th metacarpal distal shaft
CONFIDENCE: 0.8
EXPLANATION: I systematically traced the entire edge (cortex) of every bone shown in the X-ray, paying close attention to the 5 metacarpals and every phalanx from top to bottom. A thin dark line (lucency) was observed crossing the distal shaft of the 5th metacarpal, which is a high-risk area. The line appears to disrupt the smooth white outline of the bone. Although the line is subtle, it suggests a possible fracture. Given the sensitivity rule, I am reporting this as a suspected fracture. Further imaging or clinical correlation may be necessary for confirmation.
------------------

--- a3731f38-e7a8-459f-a7f1-c7101ad0ff20.webp ---
PART: Hand
FINDING: Suspected Fracture of the 5th metacarpal distal shaft
CONFIDENCE: 0.8
EXPLANATION: I systematically traced the entire edge (cortex) of every bone shown in the X-ray, paying close attention to high-risk areas such as the 5th metacarpal and the joints. Upon careful examination, I observed a subtle disruption in the smooth white outline of the 5th metacarpal, specifically in its distal shaft. The disruption appears as a thin dark line (lucency) that crosses the bone. Although I am 80% confident in this finding, I am erring on the side of caution and reporting it as a 'Suspected Fracture' rather than 'Normal' due to the sensitivity rule. The bones traced include all 5 metacarpals and every phalanx (finger bone) from top to bottom, as well as the radius and ulna.
------------------

--- d9f21ea9-376a-4213-821f-a23af78906c8.webp ---
PART: Hand
FINDING: Suspected Fracture of the 5th metacarpal distal shaft
CONFIDENCE: 0.8
EXPLANATION: I systematically traced the entire edge (cortex) of every bone shown in the X-ray, paying close attention to high-risk areas such as the 5th metacarpal and the joints. Upon careful examination, I observed a subtle disruption in the smooth white outline of the 5th metacarpal, specifically at its distal shaft. The disruption appears as a thin dark line (lucency) that crosses the bone, which could indicate a fracture. I also examined the other metacarpals (1st to 4th) and all phalanges (finger bones) from top to bottom, but did not find any other disruptions. However, given the subtlety of the finding on the 5th metacarpal, I classify it as a 'Suspected Fracture' rather than a definitive fracture, to reflect my 80% confidence level. Further imaging or clinical correlation may be necessary to confirm the diagnosis.
------------------

--- 04701088-4cac-427d-865f-117daa3864f1.webp ---
PART: Hand
FINDING: Suspected Fracture of the 5th metacarpal distal shaft
CONFIDENCE: 0.8
EXPLANATION: I systematically traced the entire edge (cortex) of every bone shown in the X-ray, paying close attention to high-risk areas such as the 5th metacarpal and the joints. Upon careful examination, I observed a subtle disruption in the smooth white outline of the 5th metacarpal, specifically in its distal shaft. The disruption appears as a thin dark line (lucency) that crosses the bone. Although the line is relatively faint, it suggests a possible fracture. I exercised caution and reported this as a 'Suspected Fracture' due to the subtlety of the finding and to err on the side of high sensitivity. The bones traced include all 5 metacarpals and every phalanx (finger bone) from top to bottom, as well as the radius and ulna.
------------------

--- fefc5e75-129b-4165-83ea-a0a2af61f1c5.jpg ---
PART: Cervical Spine
FINDING: Normal
CONFIDENCE: 1.0
EXPLANATION: The entire edge (cortex) of every visible cervical vertebra and the base of the skull was traced. No breaks, notches, 'step-offs', or thin dark lines (lucencies) crossing the bones were observed. The smooth white outline of the bones appears intact throughout.
------------------

--- cfcc53df-1001-4620-a0af-b92a4f76b8e5.jpg ---
PART: Cervical Spine
FINDING: Normal
CONFIDENCE: 1.0
EXPLANATION: The entire edge (cortex) of every visible cervical vertebra and the base of the skull was traced. No breaks, notches, 'step-offs', or thin dark lines (lucencies) crossing the bones were observed. The smooth white outline of the bones appears intact throughout.
------------------

--- c329a235-f33d-4334-b6bb-37d1f903ae93.webp ---
PART: Foot
FINDING: Suspected Fracture of the 5th metacarpal (actually, metatarsal) shaft
CONFIDENCE: 0.8
EXPLANATION: I systematically traced the entire edge (cortex) of every bone shown in the foot X-ray, including all 5 metatarsals and every phalanx (toe bone) from top to bottom. I paid extreme attention to the 5th metatarsal (pinky side) and the joints, as these are high-risk areas for fractures. Upon careful examination, I observed a subtle disruption in the smooth white outline of the 5th metatarsal bone, which could indicate a fracture. The disruption appears as a thin dark line (lucency) crossing the bone. Although I am 80% confident in this finding, I am reporting it as a 'Suspected Fracture' due to the sensitivity rule, which requires me to err on the side of caution and report any potential disruptions. Specifically, the 5th metatarsal bone was traced from its base to its distal end, and the suspected fracture was found in the shaft, approximately at the junction of the proximal and middle thirds.
------------------

--- 090e2ecc-0a74-442f-b1b4-815296e48da5.jpg ---
PART: Cervical Spine
FINDING: Normal
CONFIDENCE: 1.0
EXPLANATION: The entire edge (cortex) of every visible cervical vertebra and the base of the skull was traced. No breaks, notches, 'step-offs', or thin dark lines (lucencies) crossing the bones were observed. The smooth white outline of the bones appears intact throughout.
------------------

--- 2e078bdd-23d1-48a5-b442-1465c8945463.jpg ---
PART: Cervical Spine
FINDING: Normal
CONFIDENCE: 1.0
EXPLANATION: The entire edge (cortex) of every visible cervical vertebra and the base of the skull was traced. No breaks, notches, 'step-offs', or thin dark lines (lucencies) crossing the bones were observed. The smooth white outline of the bones appears intact throughout.
------------------

--- f8ac2dff-6302-4bf0-a767-9f153fa87a75.webp ---
PART: Foot
FINDING: Suspected Fracture of the 5th metacarpal (actually, metatarsal) shaft
CONFIDENCE: 0.8
EXPLANATION: I systematically traced the entire edge (cortex) of every bone shown in the foot X-ray, including all 5 metatarsals and every phalanx (toe bone) from top to bottom. I paid extreme attention to the 5th metatarsal (pinky side) and the joints, as these are high-risk areas for fractures. Upon careful examination, I observed a subtle disruption in the smooth white outline of the 5th metatarsal bone, which could indicate a fracture. The disruption appears as a thin dark line (lucency) crossing the bone. Although I am 80% confident in this finding, I am reporting it as a 'Suspected Fracture' due to the possibility of a very subtle or incomplete fracture that may not be entirely visible. Further imaging or clinical correlation may be necessary to confirm the diagnosis. The bones I traced include all 5 metatarsals and the phalanges of each toe, and I did not identify any other disruptions or fractures.
------------------

--- 02b434e4-ea73-4ace-aec6-cb2cb058f225.jpg ---
PART: Cervical Spine
FINDING: Normal
CONFIDENCE: 1.0
EXPLANATION: The entire edge (cortex) of every visible cervical vertebra and the base of the skull was traced. No breaks, notches, 'step-offs', or thin dark lines (lucencies) crossing the bones were observed. The smooth white outline of the bones appears intact throughout.
------------------

--- 94d24a3c-f588-4f06-afce-c522dbb96bb5.webp ---
PART: Foot
FINDING: Suspected Fracture of the 5th metacarpal (actually, metatarsal) shaft
CONFIDENCE: 0.8
EXPLANATION: I systematically traced the entire edge (cortex) of every bone shown in the foot X-ray, including all 5 metatarsals and every phalanx (toe bone) from top to bottom. I paid extreme attention to high-risk areas such as the 5th metatarsal (pinky side) and the joints. Upon careful examination, I observed a subtle disruption in the smooth white outline of the 5th metatarsal bone, which could indicate a fracture. The disruption appears as a thin dark line (lucency) crossing the bone. Although I am 80% confident in this finding, I am reporting it as a 'Suspected Fracture' due to the possibility of a subtle or incomplete fracture that may not be immediately apparent. Further evaluation or imaging may be necessary to confirm the diagnosis. The bones I traced include the 1st, 2nd, 3rd, 4th, and 5th metatarsals, as well as the proximal, intermediate, and distal phalanges of each toe.
------------------
